Determining if the pthread_create exist failed with the following output:
Change Dir: /root/crs_ws_fanuc/src/collaborative-robotic-sanding/crs_application/build/crs_application/CMakeFiles/CMakeTmp

Run Build Command:"/usr/bin/make" "cmTC_6fb9b/fast"
/usr/bin/make -f CMakeFiles/cmTC_6fb9b.dir/build.make CMakeFiles/cmTC_6fb9b.dir/build
make[1]: Entering directory '/root/crs_ws_fanuc/src/collaborative-robotic-sanding/crs_application/build/crs_application/CMakeFiles/CMakeTmp'
Building C object CMakeFiles/cmTC_6fb9b.dir/CheckSymbolExists.c.o
/usr/bin/cc    -o CMakeFiles/cmTC_6fb9b.dir/CheckSymbolExists.c.o   -c /root/crs_ws_fanuc/src/collaborative-robotic-sanding/crs_application/build/crs_application/CMakeFiles/CMakeTmp/CheckSymbolExists.c
Linking C executable cmTC_6fb9b
/usr/bin/cmake -E cmake_link_script CMakeFiles/cmTC_6fb9b.dir/link.txt --verbose=1
/usr/bin/cc      CMakeFiles/cmTC_6fb9b.dir/CheckSymbolExists.c.o  -o cmTC_6fb9b 
CMakeFiles/cmTC_6fb9b.dir/CheckSymbolExists.c.o: In function `main':
CheckSymbolExists.c:(.text+0x1b): undefined reference to `pthread_create'
collect2: error: ld returned 1 exit status
CMakeFiles/cmTC_6fb9b.dir/build.make:97: recipe for target 'cmTC_6fb9b' failed
make[1]: *** [cmTC_6fb9b] Error 1
make[1]: Leaving directory '/root/crs_ws_fanuc/src/collaborative-robotic-sanding/crs_application/build/crs_application/CMakeFiles/CMakeTmp'
Makefile:126: recipe for target 'cmTC_6fb9b/fast' failed
make: *** [cmTC_6fb9b/fast] Error 2

File /root/crs_ws_fanuc/src/collaborative-robotic-sanding/crs_application/build/crs_application/CMakeFiles/CMakeTmp/CheckSymbolExists.c:
/* */
#include <pthread.h>

int main(int argc, char** argv)
{
  (void)argv;
#ifndef pthread_create
  return ((int*)(&pthread_create))[argc];
#else
  (void)argc;
  return 0;
#endif
}

Determining if the function pthread_create exists in the pthreads failed with the following output:
Change Dir: /root/crs_ws_fanuc/src/collaborative-robotic-sanding/crs_application/build/crs_application/CMakeFiles/CMakeTmp

Run Build Command:"/usr/bin/make" "cmTC_5bb4f/fast"
/usr/bin/make -f CMakeFiles/cmTC_5bb4f.dir/build.make CMakeFiles/cmTC_5bb4f.dir/build
make[1]: Entering directory '/root/crs_ws_fanuc/src/collaborative-robotic-sanding/crs_application/build/crs_application/CMakeFiles/CMakeTmp'
Building C object CMakeFiles/cmTC_5bb4f.dir/CheckFunctionExists.c.o
/usr/bin/cc   -DCHECK_FUNCTION_EXISTS=pthread_create   -o CMakeFiles/cmTC_5bb4f.dir/CheckFunctionExists.c.o   -c /usr/share/cmake-3.10/Modules/CheckFunctionExists.c
Linking C executable cmTC_5bb4f
/usr/bin/cmake -E cmake_link_script CMakeFiles/cmTC_5bb4f.dir/link.txt --verbose=1
/usr/bin/cc  -DCHECK_FUNCTION_EXISTS=pthread_create    CMakeFiles/cmTC_5bb4f.dir/CheckFunctionExists.c.o  -o cmTC_5bb4f -lpthreads 
/usr/bin/ld: cannot find -lpthreads
collect2: error: ld returned 1 exit status
CMakeFiles/cmTC_5bb4f.dir/build.make:97: recipe for target 'cmTC_5bb4f' failed
make[1]: *** [cmTC_5bb4f] Error 1
make[1]: Leaving directory '/root/crs_ws_fanuc/src/collaborative-robotic-sanding/crs_application/build/crs_application/CMakeFiles/CMakeTmp'
Makefile:126: recipe for target 'cmTC_5bb4f/fast' failed
make: *** [cmTC_5bb4f/fast] Error 2


