[0.151s] DEBUG:colcon:Command line arguments: ['/usr/bin/colcon', 'build']
[0.151s] DEBUG:colcon:Parsed command line arguments: Namespace(ament_cmake_args=None, base_paths=['.'], build_base='build', catkin_cmake_args=None, catkin_skip_building_tests=False, cmake_args=None, cmake_clean_cache=False, cmake_clean_first=False, cmake_force_configure=False, cmake_target=None, cmake_target_skip_unavailable=False, continue_on_error=False, event_handlers=None, executor='parallel', ignore_user_meta=False, install_base='install', log_base=None, log_level=None, main=<bound method BuildVerb.main of <colcon_core.verb.build.BuildVerb object at 0x7ff450b50438>>, merge_install=False, metas=['./colcon.meta'], packages_above=None, packages_above_and_dependencies=None, packages_above_depth=None, packages_end=None, packages_ignore=None, packages_ignore_regex=None, packages_select=None, packages_select_build_failed=False, packages_select_by_dep=None, packages_select_regex=None, packages_select_test_failures=False, packages_skip=None, packages_skip_build_finished=False, packages_skip_by_dep=None, packages_skip_regex=None, packages_skip_test_passed=False, packages_skip_up_to=None, packages_start=None, packages_up_to=None, packages_up_to_regex=None, parallel_workers=8, paths=None, symlink_install=False, test_result_base=None, verb_extension=<colcon_core.verb.build.BuildVerb object at 0x7ff450b50438>, verb_name='build', verb_parser=<colcon_defaults.argument_parser.defaults.DefaultArgumentsDecorator object at 0x7ff450b507f0>)
[0.156s] Level 1:colcon.colcon_core.package_discovery:discover_packages(colcon_meta) check parameters
[0.156s] Level 1:colcon.colcon_core.package_discovery:discover_packages(recursive) check parameters
[0.156s] Level 1:colcon.colcon_core.package_discovery:discover_packages(ignore) check parameters
[0.156s] Level 1:colcon.colcon_core.package_discovery:discover_packages(path) check parameters
[0.156s] Level 1:colcon.colcon_core.package_discovery:discover_packages(colcon_meta) discover
[0.157s] Level 1:colcon.colcon_core.package_discovery:discover_packages(recursive) discover
[0.157s] INFO:colcon.colcon_core.package_discovery:Crawling recursively for packages in '/root/crs_ws_fanuc/src/collaborative-robotic-sanding/crs_msgs'
[0.157s] Level 1:colcon.colcon_core.package_identification:_identify(.) by extensions ['ignore', 'ignore_ament_install']
[0.157s] Level 1:colcon.colcon_core.package_identification:_identify(.) by extension 'ignore'
[0.157s] Level 1:colcon.colcon_core.package_identification:_identify(.) by extension 'ignore_ament_install'
[0.157s] Level 1:colcon.colcon_core.package_identification:_identify(.) by extensions ['colcon_pkg']
[0.157s] Level 1:colcon.colcon_core.package_identification:_identify(.) by extension 'colcon_pkg'
[0.157s] Level 1:colcon.colcon_core.package_identification:_identify(.) by extensions ['colcon_meta']
[0.157s] Level 1:colcon.colcon_core.package_identification:_identify(.) by extension 'colcon_meta'
[0.157s] Level 1:colcon.colcon_core.package_identification:_identify(.) by extensions ['ros']
[0.157s] Level 1:colcon.colcon_core.package_identification:_identify(.) by extension 'ros'
[0.169s] DEBUG:colcon.colcon_core.package_identification:Package '.' with type 'ros.ament_cmake' and name 'crs_msgs'
[0.170s] Level 1:colcon.colcon_core.package_discovery:discover_packages(recursive) using defaults
[0.170s] Level 1:colcon.colcon_core.package_discovery:discover_packages(ignore) discover
[0.170s] Level 1:colcon.colcon_core.package_discovery:discover_packages(ignore) using defaults
[0.170s] Level 1:colcon.colcon_core.package_discovery:discover_packages(path) discover
[0.170s] Level 1:colcon.colcon_core.package_discovery:discover_packages(path) using defaults
[0.189s] Level 5:colcon.colcon_core.verb:set package 'crs_msgs' build argument 'cmake_args' from command line to 'None'
[0.189s] Level 5:colcon.colcon_core.verb:set package 'crs_msgs' build argument 'cmake_target' from command line to 'None'
[0.189s] Level 5:colcon.colcon_core.verb:set package 'crs_msgs' build argument 'cmake_target_skip_unavailable' from command line to 'False'
[0.189s] Level 5:colcon.colcon_core.verb:set package 'crs_msgs' build argument 'cmake_clean_cache' from command line to 'False'
[0.189s] Level 5:colcon.colcon_core.verb:set package 'crs_msgs' build argument 'cmake_clean_first' from command line to 'False'
[0.189s] Level 5:colcon.colcon_core.verb:set package 'crs_msgs' build argument 'cmake_force_configure' from command line to 'False'
[0.189s] Level 5:colcon.colcon_core.verb:set package 'crs_msgs' build argument 'ament_cmake_args' from command line to 'None'
[0.189s] Level 5:colcon.colcon_core.verb:set package 'crs_msgs' build argument 'catkin_cmake_args' from command line to 'None'
[0.189s] Level 5:colcon.colcon_core.verb:set package 'crs_msgs' build argument 'catkin_skip_building_tests' from command line to 'False'
[0.189s] DEBUG:colcon.colcon_core.verb:Building package 'crs_msgs' with the following arguments: {'ament_cmake_args': None, 'build_base': '/root/crs_ws_fanuc/src/collaborative-robotic-sanding/crs_msgs/build/crs_msgs', 'catkin_cmake_args': None, 'catkin_skip_building_tests': False, 'cmake_args': None, 'cmake_clean_cache': False, 'cmake_clean_first': False, 'cmake_force_configure': False, 'cmake_target': None, 'cmake_target_skip_unavailable': False, 'install_base': '/root/crs_ws_fanuc/src/collaborative-robotic-sanding/crs_msgs/install/crs_msgs', 'merge_install': False, 'path': '/root/crs_ws_fanuc/src/collaborative-robotic-sanding/crs_msgs', 'symlink_install': False, 'test_result_base': None}
[0.189s] INFO:colcon.colcon_core.executor:Executing jobs using 'parallel' executor
[0.191s] DEBUG:colcon.colcon_parallel_executor.executor.parallel:run_until_complete
[0.191s] INFO:colcon.colcon_ros.task.ament_cmake.build:Building ROS package in '/root/crs_ws_fanuc/src/collaborative-robotic-sanding/crs_msgs' with build type 'ament_cmake'
[0.191s] INFO:colcon.colcon_cmake.task.cmake.build:Building CMake package in '/root/crs_ws_fanuc/src/collaborative-robotic-sanding/crs_msgs'
[0.194s] INFO:colcon.colcon_core.plugin_system:Skipping extension 'colcon_core.shell.bat': Not used on non-Windows systems
[0.194s] INFO:colcon.colcon_core.shell:Skip shell extension 'powershell' for command environment: Not usable outside of PowerShell
[0.194s] DEBUG:colcon.colcon_core.shell:Skip shell extension 'dsv' for command environment
[0.197s] DEBUG:colcon.colcon_core.shell:Ignoring prefix path '/opt/ros/eloquent'
[0.197s] DEBUG:colcon.colcon_core.shell:Ignoring prefix path '/root/crs_ws_fanuc/install'
[0.197s] DEBUG:colcon.colcon_core.shell:Ignoring prefix path '/root/crs_ws_fanuc/devel'
[0.197s] DEBUG:colcon.colcon_core.shell:Ignoring prefix path '/opt/ros/melodic'
[0.202s] DEBUG:colcon.colcon_core.event_handler.log_command:Invoking command in '/root/crs_ws_fanuc/src/collaborative-robotic-sanding/crs_msgs/build/crs_msgs': CMAKE_PREFIX_PATH=/opt/ros/eloquent:${CMAKE_PREFIX_PATH} /usr/bin/cmake /root/crs_ws_fanuc/src/collaborative-robotic-sanding/crs_msgs -DCMAKE_INSTALL_PREFIX=/root/crs_ws_fanuc/src/collaborative-robotic-sanding/crs_msgs/install/crs_msgs
[1.569s] DEBUG:colcon.colcon_core.event_handler.log_command:Invoked command in '/root/crs_ws_fanuc/src/collaborative-robotic-sanding/crs_msgs/build/crs_msgs' returned '1': CMAKE_PREFIX_PATH=/opt/ros/eloquent:${CMAKE_PREFIX_PATH} /usr/bin/cmake /root/crs_ws_fanuc/src/collaborative-robotic-sanding/crs_msgs -DCMAKE_INSTALL_PREFIX=/root/crs_ws_fanuc/src/collaborative-robotic-sanding/crs_msgs/install/crs_msgs
[1.582s] Level 1:colcon.colcon_core.environment:create_environment_scripts_only(crs_msgs)
[1.586s] Level 1:colcon.colcon_core.environment:checking '/root/crs_ws_fanuc/src/collaborative-robotic-sanding/crs_msgs/install/crs_msgs' for CMake module files
[1.586s] Level 1:colcon.colcon_core.environment:checking '/root/crs_ws_fanuc/src/collaborative-robotic-sanding/crs_msgs/install/crs_msgs' for CMake config files
[1.587s] Level 1:colcon.colcon_core.environment:checking '/root/crs_ws_fanuc/src/collaborative-robotic-sanding/crs_msgs/install/crs_msgs/bin'
[1.587s] Level 1:colcon.colcon_core.environment:checking '/root/crs_ws_fanuc/src/collaborative-robotic-sanding/crs_msgs/install/crs_msgs/lib/pkgconfig/crs_msgs.pc'
[1.587s] Level 1:colcon.colcon_core.environment:checking '/root/crs_ws_fanuc/src/collaborative-robotic-sanding/crs_msgs/install/crs_msgs/lib/python3.6/site-packages'
[1.588s] INFO:colcon.colcon_core.shell:Creating package script '/root/crs_ws_fanuc/src/collaborative-robotic-sanding/crs_msgs/install/crs_msgs/share/crs_msgs/package.ps1'
[1.589s] INFO:colcon.colcon_core.shell:Creating package descriptor '/root/crs_ws_fanuc/src/collaborative-robotic-sanding/crs_msgs/install/crs_msgs/share/crs_msgs/package.dsv'
[1.589s] INFO:colcon.colcon_core.shell:Creating package script '/root/crs_ws_fanuc/src/collaborative-robotic-sanding/crs_msgs/install/crs_msgs/share/crs_msgs/package.sh'
[1.590s] INFO:colcon.colcon_core.shell:Creating package script '/root/crs_ws_fanuc/src/collaborative-robotic-sanding/crs_msgs/install/crs_msgs/share/crs_msgs/package.bash'
[1.591s] INFO:colcon.colcon_core.shell:Creating package script '/root/crs_ws_fanuc/src/collaborative-robotic-sanding/crs_msgs/install/crs_msgs/share/crs_msgs/package.zsh'
[1.592s] Level 1:colcon.colcon_core.environment:create_file_with_runtime_dependencies(/root/crs_ws_fanuc/src/collaborative-robotic-sanding/crs_msgs/install/crs_msgs/share/colcon-core/packages/crs_msgs)
[1.602s] DEBUG:colcon.colcon_parallel_executor.executor.parallel:closing loop
[1.603s] DEBUG:colcon.colcon_parallel_executor.executor.parallel:loop closed
[1.603s] DEBUG:colcon.colcon_parallel_executor.executor.parallel:run_until_complete finished with '1'
[1.603s] DEBUG:colcon.colcon_core.event_reactor:joining thread
[1.610s] INFO:colcon.colcon_core.plugin_system:Skipping extension 'colcon_notification.desktop_notification.notify_send': Could not find 'notify-send'
[1.610s] INFO:colcon.colcon_core.plugin_system:Skipping extension 'colcon_notification.desktop_notification.terminal_notifier': Not used on non-Darwin systems
[1.610s] INFO:colcon.colcon_core.plugin_system:Skipping extension 'colcon_notification.desktop_notification.win32': Not used on non-Windows systems
[1.610s] INFO:colcon.colcon_notification.desktop_notification:Sending desktop notification using 'notify2'
[1.612s] DEBUG:colcon.colcon_notification.desktop_notification.notify2:Failed to initialize notify2: org.freedesktop.DBus.Error.Spawn.ExecFailed: /usr/bin/dbus-launch terminated abnormally without any error message
[1.612s] DEBUG:colcon.colcon_core.event_reactor:joined thread
[1.613s] INFO:colcon.colcon_core.shell:Creating prefix script '/root/crs_ws_fanuc/src/collaborative-robotic-sanding/crs_msgs/install/local_setup.ps1'
[1.614s] INFO:colcon.colcon_core.shell:Creating prefix util module '/root/crs_ws_fanuc/src/collaborative-robotic-sanding/crs_msgs/install/_local_setup_util_ps1.py'
[1.616s] INFO:colcon.colcon_core.shell:Creating prefix chain script '/root/crs_ws_fanuc/src/collaborative-robotic-sanding/crs_msgs/install/setup.ps1'
[1.619s] INFO:colcon.colcon_core.shell:Creating prefix script '/root/crs_ws_fanuc/src/collaborative-robotic-sanding/crs_msgs/install/local_setup.sh'
[1.620s] INFO:colcon.colcon_core.shell:Creating prefix util module '/root/crs_ws_fanuc/src/collaborative-robotic-sanding/crs_msgs/install/_local_setup_util_sh.py'
[1.620s] INFO:colcon.colcon_core.shell:Creating prefix chain script '/root/crs_ws_fanuc/src/collaborative-robotic-sanding/crs_msgs/install/setup.sh'
[1.632s] INFO:colcon.colcon_core.shell:Creating prefix script '/root/crs_ws_fanuc/src/collaborative-robotic-sanding/crs_msgs/install/local_setup.bash'
[1.633s] INFO:colcon.colcon_core.shell:Creating prefix chain script '/root/crs_ws_fanuc/src/collaborative-robotic-sanding/crs_msgs/install/setup.bash'
[1.636s] INFO:colcon.colcon_core.shell:Creating prefix script '/root/crs_ws_fanuc/src/collaborative-robotic-sanding/crs_msgs/install/local_setup.zsh'
[1.637s] INFO:colcon.colcon_core.shell:Creating prefix chain script '/root/crs_ws_fanuc/src/collaborative-robotic-sanding/crs_msgs/install/setup.zsh'
