Performing C++ SOURCE FILE Test CMAKE_HAVE_LIBC_PTHREAD failed with the following output:
Change Dir: /home/sizen/crs_ws_fanuc/src/collaborative-robotic-sanding/crs_gui/cmake-build-debug/CMakeFiles/CMakeTmp

Run Build Command(s):/usr/bin/make cmTC_1ced9/fast && /usr/bin/make  -f CMakeFiles/cmTC_1ced9.dir/build.make CMakeFiles/cmTC_1ced9.dir/build
make[1]: Entering directory '/home/sizen/crs_ws_fanuc/src/collaborative-robotic-sanding/crs_gui/cmake-build-debug/CMakeFiles/CMakeTmp'
Building CXX object CMakeFiles/cmTC_1ced9.dir/src.cxx.o
/usr/bin/c++ -DCMAKE_HAVE_LIBC_PTHREAD   -o CMakeFiles/cmTC_1ced9.dir/src.cxx.o -c /home/sizen/crs_ws_fanuc/src/collaborative-robotic-sanding/crs_gui/cmake-build-debug/CMakeFiles/CMakeTmp/src.cxx
Linking CXX executable cmTC_1ced9
/home/sizen/clion/CLion-2021.1/clion-2021.1/bin/cmake/linux/bin/cmake -E cmake_link_script CMakeFiles/cmTC_1ced9.dir/link.txt --verbose=1
/usr/bin/c++ CMakeFiles/cmTC_1ced9.dir/src.cxx.o -o cmTC_1ced9 
CMakeFiles/cmTC_1ced9.dir/src.cxx.o: In function `main':
src.cxx:(.text+0x3e): undefined reference to `pthread_create'
src.cxx:(.text+0x4a): undefined reference to `pthread_detach'
src.cxx:(.text+0x56): undefined reference to `pthread_cancel'
src.cxx:(.text+0x67): undefined reference to `pthread_join'
src.cxx:(.text+0x7b): undefined reference to `pthread_atfork'
collect2: error: ld returned 1 exit status
CMakeFiles/cmTC_1ced9.dir/build.make:105: recipe for target 'cmTC_1ced9' failed
make[1]: *** [cmTC_1ced9] Error 1
make[1]: Leaving directory '/home/sizen/crs_ws_fanuc/src/collaborative-robotic-sanding/crs_gui/cmake-build-debug/CMakeFiles/CMakeTmp'
Makefile:140: recipe for target 'cmTC_1ced9/fast' failed
make: *** [cmTC_1ced9/fast] Error 2


Source file was:
#include <pthread.h>

static void* test_func(void* data)
{
  return data;
}

int main(void)
{
  pthread_t thread;
  pthread_create(&thread, NULL, test_func, NULL);
  pthread_detach(thread);
  pthread_cancel(thread);
  pthread_join(thread, NULL);
  pthread_atfork(NULL, NULL, NULL);
  pthread_exit(NULL);

  return 0;
}

Determining if the function pthread_create exists in the pthreads failed with the following output:
Change Dir: /home/sizen/crs_ws_fanuc/src/collaborative-robotic-sanding/crs_gui/cmake-build-debug/CMakeFiles/CMakeTmp

Run Build Command(s):/usr/bin/make cmTC_994b9/fast && /usr/bin/make  -f CMakeFiles/cmTC_994b9.dir/build.make CMakeFiles/cmTC_994b9.dir/build
make[1]: Entering directory '/home/sizen/crs_ws_fanuc/src/collaborative-robotic-sanding/crs_gui/cmake-build-debug/CMakeFiles/CMakeTmp'
Building CXX object CMakeFiles/cmTC_994b9.dir/CheckFunctionExists.cxx.o
/usr/bin/c++   -DCHECK_FUNCTION_EXISTS=pthread_create -o CMakeFiles/cmTC_994b9.dir/CheckFunctionExists.cxx.o -c /home/sizen/crs_ws_fanuc/src/collaborative-robotic-sanding/crs_gui/cmake-build-debug/CMakeFiles/CheckLibraryExists/CheckFunctionExists.cxx
Linking CXX executable cmTC_994b9
/home/sizen/clion/CLion-2021.1/clion-2021.1/bin/cmake/linux/bin/cmake -E cmake_link_script CMakeFiles/cmTC_994b9.dir/link.txt --verbose=1
/usr/bin/c++  -DCHECK_FUNCTION_EXISTS=pthread_create CMakeFiles/cmTC_994b9.dir/CheckFunctionExists.cxx.o -o cmTC_994b9  -lpthreads 
/usr/bin/ld: cannot find -lpthreads
collect2: error: ld returned 1 exit status
CMakeFiles/cmTC_994b9.dir/build.make:105: recipe for target 'cmTC_994b9' failed
make[1]: *** [cmTC_994b9] Error 1
make[1]: Leaving directory '/home/sizen/crs_ws_fanuc/src/collaborative-robotic-sanding/crs_gui/cmake-build-debug/CMakeFiles/CMakeTmp'
Makefile:140: recipe for target 'cmTC_994b9/fast' failed
make: *** [cmTC_994b9/fast] Error 2



